Build started 2012-01-27 10:04:28.
     1>Project "C:\Users\Marcin\Documents\SGD\lab\Maze2\Maze2\Maze2.vcxproj" on node 2 (build target(s)).
     1>InitializeBuildStatus:
         Creating "Debug\Maze2.unsuccessfulbuild" because "AlwaysCreate" was specified.
       ClCompile:
         c:\Program Files (x86)\Microsoft Visual Studio 10.0\VC\bin\CL.exe /c /ZI /nologo /W3 /WX- /Od /Oy- /D WIN32 /D _DEBUG /D _CONSOLE /D _UNICODE /D UNICODE /Gm /EHsc /RTC1 /MDd /GS /fp:precise /Zc:wchar_t /Zc:forScope /Fo"Debug\\" /Fd"Debug\vc100.pdb" /Gd /TP /analyze- /errorReport:prompt Graphics.cpp
         Graphics.cpp
     1>c:\users\marcin\documents\sgd\lab\maze2\maze2\graphics.cpp(442): warning C4101: 'down' : unreferenced local variable
     1>c:\users\marcin\documents\sgd\lab\maze2\maze2\graphics.cpp(442): warning C4101: 'up' : unreferenced local variable
     1>c:\users\marcin\documents\sgd\lab\maze2\maze2\graphics.cpp(442): warning C4101: 'left' : unreferenced local variable
     1>c:\users\marcin\documents\sgd\lab\maze2\maze2\graphics.cpp(442): warning C4101: 'right' : unreferenced local variable
     1>c:\users\marcin\documents\sgd\lab\maze2\maze2\graphics.cpp(522): warning C4101: 'way' : unreferenced local variable
     1>c:\users\marcin\documents\sgd\lab\maze2\maze2\graphics.cpp(761): warning C4018: '<' : signed/unsigned mismatch
       ManifestResourceCompile:
         All outputs are up-to-date.
       Link:
         c:\Program Files (x86)\Microsoft Visual Studio 10.0\VC\bin\link.exe /ERRORREPORT:PROMPT /OUT:"C:\Users\Marcin\Documents\SGD\lab\Maze2\Debug\Maze2.exe" /INCREMENTAL /NOLOGO "allegro-5.0.5-monolith-md-debug.lib" kernel32.lib user32.lib gdi32.lib winspool.lib comdlg32.lib advapi32.lib shell32.lib ole32.lib oleaut32.lib uuid.lib odbc32.lib odbccp32.lib /MANIFEST /ManifestFile:"Debug\Maze2.exe.intermediate.manifest" /MANIFESTUAC:"level='asInvoker' uiAccess='false'" /DEBUG /PDB:"C:\Users\Marcin\Documents\SGD\lab\Maze2\Debug\Maze2.pdb" /SUBSYSTEM:CONSOLE /TLBID:1 /DYNAMICBASE /NXCOMPAT /IMPLIB:"C:\Users\Marcin\Documents\SGD\lab\Maze2\Debug\Maze2.lib" /MACHINE:X86 Debug\Maze2.exe.embed.manifest.res
         Debug\Graphics.obj
         Debug\main.obj
         Debug\Tile.obj
       Manifest:
         c:\Program Files (x86)\Microsoft SDKs\Windows\v7.0A\bin\mt.exe /nologo /verbose /out:"Debug\Maze2.exe.embed.manifest" /manifest Debug\Maze2.exe.intermediate.manifest
         All outputs are up-to-date.
       LinkEmbedManifest:
         All outputs are up-to-date.
         Maze2.vcxproj -> C:\Users\Marcin\Documents\SGD\lab\Maze2\Debug\Maze2.exe
       FinalizeBuildStatus:
         Deleting file "Debug\Maze2.unsuccessfulbuild".
         Touching "Debug\Maze2.lastbuildstate".
     1>Done Building Project "C:\Users\Marcin\Documents\SGD\lab\Maze2\Maze2\Maze2.vcxproj" (build target(s)).

Build succeeded.

Time Elapsed 00:00:02.80
